<?xml version="1.0" encoding="UTF-8"?>
<testng-results skipped="0" failed="0" ignored="0" total="3" passed="3">
  <reporter-output>
  </reporter-output>
  <suite name="Default suite" duration-ms="52409" started-at="2017-07-25T08:31:48Z" finished-at="2017-07-25T08:32:40Z">
    <groups>
    </groups>
    <test name="Default test" duration-ms="52409" started-at="2017-07-25T08:31:48Z" finished-at="2017-07-25T08:32:40Z">
      <class name="MyPackage.OpenQuotation">
        <test-method status="PASS" signature="instantiate()[pri:0, instance:MyPackage.OpenQuotation@4501b7af]" name="instantiate" is-config="true" duration-ms="823" started-at="2017-07-25T16:31:48Z" finished-at="2017-07-25T16:31:49Z">
          <reporter-output>
          </reporter-output>
        </test-method> <!-- instantiate -->
        <test-method status="PASS" signature="setUp()[pri:0, instance:MyPackage.OpenQuotation@4501b7af]" name="setUp" is-config="true" duration-ms="4290" started-at="2017-07-25T16:31:49Z" finished-at="2017-07-25T16:31:53Z">
          <reporter-output>
          </reporter-output>
        </test-method> <!-- setUp -->
        <test-method status="PASS" signature="LogintoSystem()[pri:0, instance:MyPackage.OpenQuotation@4501b7af]" name="LogintoSystem" duration-ms="19530" started-at="2017-07-25T16:31:53Z" finished-at="2017-07-25T16:32:12Z">
          <reporter-output>
          </reporter-output>
        </test-method> <!-- LogintoSystem -->
        <test-method status="PASS" signature="move_to_open_quotation()[pri:0, instance:MyPackage.OpenQuotation@4501b7af]" name="move_to_open_quotation" duration-ms="4674" started-at="2017-07-25T16:32:12Z" depends-on-methods="MyPackage.MessageBoard.LogintoSystem" finished-at="2017-07-25T16:32:17Z">
          <reporter-output>
          </reporter-output>
        </test-method> <!-- move_to_open_quotation -->
        <test-method status="PASS" signature="check_inquiry()[pri:0, instance:MyPackage.OpenQuotation@4501b7af]" name="check_inquiry" duration-ms="23063" started-at="2017-07-25T16:32:17Z" depends-on-methods="MyPackage.OpenQuotation.move_to_open_quotation" finished-at="2017-07-25T16:32:40Z">
          <reporter-output>
          </reporter-output>
        </test-method> <!-- check_inquiry -->
      </class> <!-- MyPackage.OpenQuotation -->
    </test> <!-- Default test -->
  </suite> <!-- Default suite -->
</testng-results>
