<?xml version="1.0" encoding="UTF-8"?>
<!-- Generated by org.testng.reporters.JUnitXMLReporter -->
<testsuite hostname="CNTSNW10292663" ignored="0" name="RU test" tests="4" failures="0" timestamp="19 Jul 2017 15:19:26 GMT" time="25.02" errors="0">
  <testcase name="LogintoSystem" time="17.436" classname="MyPackage.MessageBoard"/>
  <testcase name="go2personalsettings" time="1.917" classname="MyPackage.SetPersonalSettings"/>
  <testcase name="setru" time="0.145" classname="MyPackage.SetPersonalSettings"/>
  <testcase name="save" time="2.221" classname="MyPackage.SetPersonalSettings"/>
</testsuite> <!-- RU test -->
