<?xml version="1.0" encoding="UTF-8"?>
<!-- Generated by org.testng.reporters.JUnitXMLReporter -->
<testsuite hostname="CNTSNW10292663" ignored="0" name="RU test" tests="4" failures="0" timestamp="20 Jul 2017 03:49:38 GMT" time="24.113" errors="0">
  <testcase name="LogintoSystem" time="15.755" classname="MyPackage.MessageBoard"/>
  <testcase name="go2personalsettings" time="1.852" classname="MyPackage.SetPersonalSettings"/>
  <testcase name="setru" time="0.166" classname="MyPackage.SetPersonalSettings"/>
  <testcase name="save" time="3.305" classname="MyPackage.SetPersonalSettings"/>
</testsuite> <!-- RU test -->
