<?xml version="1.0" encoding="UTF-8"?>
<!-- Generated by org.testng.reporters.JUnitXMLReporter -->
<testsuite hostname="CNTSNW10292663" ignored="0" name="Default test" tests="7" failures="0" timestamp="19 Jul 2017 13:33:25 GMT" time="52.953" errors="0">
  <testcase name="LogintoSystem" time="18.737" classname="MyPackage.MessageBoard"/>
  <testcase name="move_to_create_quotation" time="3.626" classname="MyPackage.CreateQuotation"/>
  <testcase name="add_template" time="2.603" classname="MyPackage.CreateQuotation"/>
  <testcase name="select_template" time="1.412" classname="MyPackage.CreateQuotation"/>
  <testcase name="click_on_search" time="1.482" classname="MyPackage.CreateQuotation"/>
  <testcase name="click_template" time="4.215" classname="MyPackage.CreateQuotation"/>
  <testcase name="prepare_quotation" time="16.137" classname="MyPackage.CreateQuotation"/>
</testsuite> <!-- Default test -->
