<?xml version="1.0" encoding="UTF-8"?>
<!-- Generated by org.testng.reporters.JUnitXMLReporter -->
<testsuite hostname="CNTSNW10292663" ignored="0" name="Default test" tests="4" failures="0" timestamp="18 Jul 2017 02:26:33 GMT" time="17.6" errors="0">
  <testcase name="LogintoSystem" time="11.744" classname="MyPackage.MessageBoard"/>
  <testcase name="go2personalsettings" time="1.092" classname="MyPackage.SetPersonalSettings"/>
  <testcase name="setru" time="0.157" classname="MyPackage.SetPersonalSettings"/>
  <testcase name="save" time="0.224" classname="MyPackage.SetPersonalSettings"/>
</testsuite> <!-- Default test -->
