<?xml version="1.0" encoding="UTF-8"?>
<testng-results skipped="0" failed="0" ignored="0" total="5" passed="5">
  <reporter-output>
    <line>
      <![CDATA[RUSetting saved and Application is closed]]>
    </line>
  </reporter-output>
  <suite name="Suite" duration-ms="44875" started-at="2017-07-20T03:48:53Z" finished-at="2017-07-20T03:49:38Z">
    <groups>
    </groups>
    <test name="Landing test" duration-ms="20727" started-at="2017-07-20T03:48:53Z" finished-at="2017-07-20T03:49:14Z">
      <class name="MyPackage.MessageBoard">
        <test-method status="PASS" signature="instantiate()[pri:0, instance:MyPackage.MessageBoard@28f67ac7]" name="instantiate" is-config="true" duration-ms="520" started-at="2017-07-20T11:48:53Z" finished-at="2017-07-20T11:48:54Z">
          <reporter-output>
          </reporter-output>
        </test-method> <!-- instantiate -->
        <test-method status="PASS" signature="setUp()[pri:0, instance:MyPackage.MessageBoard@28f67ac7]" name="setUp" is-config="true" duration-ms="3838" started-at="2017-07-20T11:48:54Z" finished-at="2017-07-20T11:48:58Z">
          <reporter-output>
          </reporter-output>
        </test-method> <!-- setUp -->
        <test-method status="PASS" signature="LogintoSystem()[pri:0, instance:MyPackage.MessageBoard@28f67ac7]" name="LogintoSystem" duration-ms="16342" started-at="2017-07-20T11:48:58Z" finished-at="2017-07-20T11:49:14Z">
          <reporter-output>
          </reporter-output>
        </test-method> <!-- LogintoSystem -->
      </class> <!-- MyPackage.MessageBoard -->
    </test> <!-- Landing test -->
    <test name="RU test" duration-ms="24113" started-at="2017-07-20T03:49:14Z" finished-at="2017-07-20T03:49:38Z">
      <class name="MyPackage.SetPersonalSettings">
        <test-method status="PASS" signature="instantiate()[pri:0, instance:MyPackage.SetPersonalSettings@5a39699c]" name="instantiate" is-config="true" duration-ms="46" started-at="2017-07-20T11:49:14Z" finished-at="2017-07-20T11:49:14Z">
          <reporter-output>
          </reporter-output>
        </test-method> <!-- instantiate -->
        <test-method status="PASS" signature="setUp()[pri:0, instance:MyPackage.SetPersonalSettings@5a39699c]" name="setUp" is-config="true" duration-ms="2986" started-at="2017-07-20T11:49:14Z" finished-at="2017-07-20T11:49:17Z">
          <reporter-output>
          </reporter-output>
        </test-method> <!-- setUp -->
        <test-method status="PASS" signature="LogintoSystem()[pri:0, instance:MyPackage.SetPersonalSettings@5a39699c]" name="LogintoSystem" duration-ms="15755" started-at="2017-07-20T11:49:17Z" finished-at="2017-07-20T11:49:33Z">
          <reporter-output>
          </reporter-output>
        </test-method> <!-- LogintoSystem -->
        <test-method status="PASS" signature="go2personalsettings()[pri:0, instance:MyPackage.SetPersonalSettings@5a39699c]" name="go2personalsettings" duration-ms="1852" started-at="2017-07-20T11:49:33Z" depends-on-methods="MyPackage.MessageBoard.LogintoSystem" finished-at="2017-07-20T11:49:35Z">
          <reporter-output>
          </reporter-output>
        </test-method> <!-- go2personalsettings -->
        <test-method status="PASS" signature="setru()[pri:0, instance:MyPackage.SetPersonalSettings@5a39699c]" name="setru" duration-ms="166" started-at="2017-07-20T11:49:35Z" depends-on-methods="MyPackage.SetPersonalSettings.go2personalsettings" finished-at="2017-07-20T11:49:35Z">
          <reporter-output>
          </reporter-output>
        </test-method> <!-- setru -->
        <test-method status="PASS" signature="save()[pri:0, instance:MyPackage.SetPersonalSettings@5a39699c]" name="save" duration-ms="3305" started-at="2017-07-20T11:49:35Z" depends-on-methods="MyPackage.SetPersonalSettings.setru" finished-at="2017-07-20T11:49:38Z">
          <reporter-output>
            <line>
              <![CDATA[RUSetting saved and Application is closed]]>
            </line>
          </reporter-output>
        </test-method> <!-- save -->
        <test-method status="PASS" signature="tearDown()[pri:0, instance:MyPackage.SetPersonalSettings@5a39699c]" name="tearDown" is-config="true" duration-ms="0" started-at="2017-07-20T11:49:38Z" finished-at="2017-07-20T11:49:38Z">
          <reporter-output>
          </reporter-output>
        </test-method> <!-- tearDown -->
      </class> <!-- MyPackage.SetPersonalSettings -->
    </test> <!-- RU test -->
  </suite> <!-- Suite -->
</testng-results>
