<?xml version="1.0" encoding="UTF-8"?>
<!-- Generated by org.testng.reporters.JUnitXMLReporter -->
<testsuite hostname="CNTSNW10292663" ignored="0" name="RU test" tests="4" failures="0" timestamp="19 Jul 2017 11:25:56 GMT" time="19.407" errors="0">
  <testcase name="LogintoSystem" time="11.711" classname="MyPackage.MessageBoard"/>
  <testcase name="go2personalsettings" time="1.852" classname="MyPackage.SetPersonalSettings"/>
  <testcase name="setru" time="1.827" classname="MyPackage.SetPersonalSettings"/>
  <testcase name="save" time="1.192" classname="MyPackage.SetPersonalSettings"/>
</testsuite> <!-- RU test -->
